<?xml version="1.0" encoding="UTF-8"?>
<testng-results skipped="0" failed="0" total="3" passed="3">
  <reporter-output>
  </reporter-output>
  <suite name="Default suite" duration-ms="27337" started-at="2018-05-28T10:54:14Z" finished-at="2018-05-28T10:54:41Z">
    <groups>
    </groups>
    <test name="Default test" duration-ms="27337" started-at="2018-05-28T10:54:14Z" finished-at="2018-05-28T10:54:41Z">
      <class name="testng.NewTest">
        <test-method status="PASS" signature="f(java.lang.String, java.lang.String)[pri:0, instance:testng.NewTest@6a03af]" name="f" duration-ms="10618" started-at="2018-05-28T18:54:14Z" data-provider="dp" finished-at="2018-05-28T18:54:24Z">
          <params>
            <param index="0">
              <value>
                <![CDATA[seatPref1]]>
              </value>
            </param>
            <param index="1">
              <value>
                <![CDATA[Aisle]]>
              </value>
            </param>
          </params>
          <reporter-output>
          </reporter-output>
        </test-method> <!-- f -->
        <test-method status="PASS" signature="f(java.lang.String, java.lang.String)[pri:0, instance:testng.NewTest@6a03af]" name="f" duration-ms="8461" started-at="2018-05-28T18:54:24Z" data-provider="dp" finished-at="2018-05-28T18:54:33Z">
          <params>
            <param index="0">
              <value>
                <![CDATA[seatPref2]]>
              </value>
            </param>
            <param index="1">
              <value>
                <![CDATA[Window]]>
              </value>
            </param>
          </params>
          <reporter-output>
          </reporter-output>
        </test-method> <!-- f -->
        <test-method status="PASS" signature="f(java.lang.String, java.lang.String)[pri:0, instance:testng.NewTest@6a03af]" name="f" duration-ms="8241" started-at="2018-05-28T18:54:33Z" data-provider="dp" finished-at="2018-05-28T18:54:41Z">
          <params>
            <param index="0">
              <value>
                <![CDATA[seatPref3]]>
              </value>
            </param>
            <param index="1">
              <value>
                <![CDATA[None]]>
              </value>
            </param>
          </params>
          <reporter-output>
          </reporter-output>
        </test-method> <!-- f -->
      </class> <!-- testng.NewTest -->
    </test> <!-- Default test -->
  </suite> <!-- Default suite -->
</testng-results>
