<?xml version="1.0" encoding="UTF-8"?>
<testng-results skipped="0" failed="0" total="1" passed="1">
  <reporter-output>
  </reporter-output>
  <suite name="Default suite" duration-ms="23" started-at="2018-05-24T15:08:03Z" finished-at="2018-05-24T15:08:03Z">
    <groups>
    </groups>
    <test name="Default test" duration-ms="23" started-at="2018-05-24T15:08:03Z" finished-at="2018-05-24T15:08:03Z">
      <class name="testng.TestNG2">
        <test-method status="PASS" signature="beforeClass()[pri:0, instance:testng.TestNG2@a9e816]" name="beforeClass" is-config="true" duration-ms="6" started-at="2018-05-24T23:08:03Z" finished-at="2018-05-24T23:08:03Z">
          <reporter-output>
          </reporter-output>
        </test-method> <!-- beforeClass -->
        <test-method status="PASS" signature="f()[pri:0, instance:testng.TestNG2@a9e816]" name="f" duration-ms="6" started-at="2018-05-24T23:08:03Z" finished-at="2018-05-24T23:08:03Z">
          <reporter-output>
          </reporter-output>
        </test-method> <!-- f -->
        <test-method status="PASS" signature="afterClass()[pri:0, instance:testng.TestNG2@a9e816]" name="afterClass" is-config="true" duration-ms="0" started-at="2018-05-24T23:08:03Z" finished-at="2018-05-24T23:08:03Z">
          <reporter-output>
          </reporter-output>
        </test-method> <!-- afterClass -->
      </class> <!-- testng.TestNG2 -->
    </test> <!-- Default test -->
  </suite> <!-- Default suite -->
</testng-results>
